Determining if the pthread_create exist failed with the following output:
Change Dir: /home/marco/ros/workspaces/final_project/src/build/CMakeFiles/CMakeTmp

Run Build Command:"/usr/bin/make" "cmTC_6192b/fast"
/usr/bin/make -f CMakeFiles/cmTC_6192b.dir/build.make CMakeFiles/cmTC_6192b.dir/build
make[1]: Entering directory '/home/marco/ros/workspaces/final_project/src/build/CMakeFiles/CMakeTmp'
Building C object CMakeFiles/cmTC_6192b.dir/CheckSymbolExists.c.o
/usr/bin/cc    -o CMakeFiles/cmTC_6192b.dir/CheckSymbolExists.c.o   -c /home/marco/ros/workspaces/final_project/src/build/CMakeFiles/CMakeTmp/CheckSymbolExists.c
Linking C executable cmTC_6192b
/usr/bin/cmake -E cmake_link_script CMakeFiles/cmTC_6192b.dir/link.txt --verbose=1
/usr/bin/cc      -rdynamic CMakeFiles/cmTC_6192b.dir/CheckSymbolExists.c.o  -o cmTC_6192b 
CMakeFiles/cmTC_6192b.dir/CheckSymbolExists.c.o: In function `main':
CheckSymbolExists.c:(.text+0x1b): undefined reference to `pthread_create'
collect2: error: ld returned 1 exit status
CMakeFiles/cmTC_6192b.dir/build.make:97: recipe for target 'cmTC_6192b' failed
make[1]: *** [cmTC_6192b] Error 1
make[1]: Leaving directory '/home/marco/ros/workspaces/final_project/src/build/CMakeFiles/CMakeTmp'
Makefile:126: recipe for target 'cmTC_6192b/fast' failed
make: *** [cmTC_6192b/fast] Error 2

File /home/marco/ros/workspaces/final_project/src/build/CMakeFiles/CMakeTmp/CheckSymbolExists.c:
/* */
#include <pthread.h>

int main(int argc, char** argv)
{
  (void)argv;
#ifndef pthread_create
  return ((int*)(&pthread_create))[argc];
#else
  (void)argc;
  return 0;
#endif
}

Determining if the function pthread_create exists in the pthreads failed with the following output:
Change Dir: /home/marco/ros/workspaces/final_project/src/build/CMakeFiles/CMakeTmp

Run Build Command:"/usr/bin/make" "cmTC_ea1be/fast"
/usr/bin/make -f CMakeFiles/cmTC_ea1be.dir/build.make CMakeFiles/cmTC_ea1be.dir/build
make[1]: Entering directory '/home/marco/ros/workspaces/final_project/src/build/CMakeFiles/CMakeTmp'
Building C object CMakeFiles/cmTC_ea1be.dir/CheckFunctionExists.c.o
/usr/bin/cc   -DCHECK_FUNCTION_EXISTS=pthread_create   -o CMakeFiles/cmTC_ea1be.dir/CheckFunctionExists.c.o   -c /usr/share/cmake-3.10/Modules/CheckFunctionExists.c
Linking C executable cmTC_ea1be
/usr/bin/cmake -E cmake_link_script CMakeFiles/cmTC_ea1be.dir/link.txt --verbose=1
/usr/bin/cc  -DCHECK_FUNCTION_EXISTS=pthread_create    -rdynamic CMakeFiles/cmTC_ea1be.dir/CheckFunctionExists.c.o  -o cmTC_ea1be -lpthreads 
/usr/bin/ld: cannot find -lpthreads
collect2: error: ld returned 1 exit status
CMakeFiles/cmTC_ea1be.dir/build.make:97: recipe for target 'cmTC_ea1be' failed
make[1]: *** [cmTC_ea1be] Error 1
make[1]: Leaving directory '/home/marco/ros/workspaces/final_project/src/build/CMakeFiles/CMakeTmp'
Makefile:126: recipe for target 'cmTC_ea1be/fast' failed
make: *** [cmTC_ea1be/fast] Error 2


